Already up-to-date.
Starting RUN
failed to add the xml from addon service.subtitles.subtitle
failed to add the xml from addon service.subtitles.subscenter
Finished updating addons xml and md5 files
REPO : repositories/repository.mdrepo-1.0.2.zip
repository.mdrepo addon version: 1.0.2
found repo data : https://raw.githubusercontent.com/mucky-duck/mdrepo/master/
repository.mdrepo-1.0.2.zip - ziptype is  true
https://raw.githubusercontent.com/mucky-duck/mdrepo/master/addons.xml
FOUND ADDON : plugin.video.mdwatch32hd  2.0.1
no need to update existing key plugin.video.mdwatch32hdold version is 2.0.1
FOUND ADDON : plugin.video.mdcmovieshd  2.0.0
no need to update existing key plugin.video.mdcmovieshdold version is 2.0.0
FOUND ADDON : plugin.video.mdgenvideos  1.0.2
no need to update existing key plugin.video.mdgenvideosold version is 1.0.2
FOUND ADDON : plugin.video.mdizle  2.0.1
no need to update existing key plugin.video.mdizleold version is 2.0.1
FOUND ADDON : plugin.video.mdspacemov  1.0.1
no need to update existing key plugin.video.mdspacemovold version is 1.0.1
FOUND ADDON : plugin.audio.DnB-Sets  1.0.2
no need to update existing key plugin.audio.DnB-Setsold version is 1.0.2
FOUND ADDON : plugin.video.mdfubar  1.1.7
no need to update existing key plugin.video.mdfubarold version is 1.1.7
FOUND ADDON : plugin.audio.oldskool  1.0.3
no need to update existing key plugin.audio.oldskoolold version is 1.0.3
FOUND ADDON : plugin.video.mdpmovies  1.0.1
no need to update existing key plugin.video.mdpmoviesold version is 1.0.1
FOUND ADDON : plugin.video.mdhdbox  2.0.1
no need to update existing key plugin.video.mdhdboxold version is 2.0.1
FOUND ADDON : plugin.video.mdniter  2.0.0
no need to update existing key plugin.video.mdniterold version is 2.0.0
FOUND ADDON : repository.mdrepo  1.0.2
no need to update existing key repository.mdrepoold version is 1.0.2
FOUND ADDON : skin.aeon.nox.lego  1.0
no need to update existing key skin.aeon.nox.legoold version is 1.0
FOUND ADDON : plugin.video.mdmoviepool  1.0.2
no need to update existing key plugin.video.mdmoviepoolold version is 1.0.2
FOUND ADDON : plugin.video.mdwizard  1.1.6
no need to update existing key plugin.video.mdwizardold version is 1.1.6
FOUND ADDON : script.module.muckys.common  1.3.3
no need to update existing key script.module.muckys.commonold version is 1.3.3
FOUND ADDON : plugin.video.mdluckytv  2.0.0
no need to update existing key plugin.video.mdluckytvold version is 2.0.0
FOUND ADDON : plugin.video.mdsportsextra  1.0.2
no need to update existing key plugin.video.mdsportsextraold version is 1.0.2
FOUND ADDON : plugin.video.mdws  2.0.1
no need to update existing key plugin.video.mdwsold version is 2.0.1
FOUND ADDON : plugin.video.gorillastreams  2.2
no need to update existing key plugin.video.gorillastreamsold version is 2.2
FOUND ADDON : plugin.audio.MD3-Audio  1.0.2
no need to update existing key plugin.audio.MD3-Audioold version is 1.0.2
FOUND ADDON : plugin.video.mdwww  1.0.2
no need to update existing key plugin.video.mdwwwold version is 1.0.2
FOUND ADDON : plugin.video.mdscenepeeper  1.0.6
no need to update existing key plugin.video.mdscenepeeperold version is 1.0.6
FOUND ADDON : plugin.video.welovesoaps  1.0.3
no need to update existing key plugin.video.welovesoapsold version is 1.0.3
FOUND ADDON : plugin.video.mddizibox  1.0.4
no need to update existing key plugin.video.mddiziboxold version is 1.0.4
FOUND ADDON : plugin.video.mdyesmovies  2.0.1
no need to update existing key plugin.video.mdyesmoviesold version is 2.0.1
FOUND ADDON : plugin.video.mdmtvuk  1.0.2
no need to update existing key plugin.video.mdmtvukold version is 1.0.2
FOUND ADDON : plugin.video.mdmovievault  2.0.2
no need to update existing key plugin.video.mdmovievaultold version is 2.0.2
FOUND ADDON : plugin.video.mdimperialstreams  3.0.1
no need to update existing key plugin.video.mdimperialstreamsold version is 3.0.1
FOUND ADDON : plugin.video.mdvodlocker  1.0.7
no need to update existing key plugin.video.mdvodlockerold version is 1.0.7
FOUND ADDON : plugin.video.mdpubfilm  2.1.0
no need to update existing key plugin.video.mdpubfilmold version is 2.1.0
FOUND ADDON : plugin.video.mdm4u  2.1.4
no need to update existing key plugin.video.mdm4uold version is 2.1.4
FOUND ADDON : plugin.video.mdwatchtvseries  1.1.9
no need to update existing key plugin.video.mdwatchtvseriesold version is 1.1.9
FOUND ADDON : plugin.video.mdafdah  2.0.1
no need to update existing key plugin.video.mdafdahold version is 2.0.1
FOUND ADDON : plugin.video.mdhdmovie14  1.0.5
no need to update existing key plugin.video.mdhdmovie14old version is 1.0.5
FOUND ADDON : plugin.video.md123movies  2.1.3
no need to update existing key plugin.video.md123moviesold version is 2.1.3
REPO : repositories/repository.mdrepo-1.0.2.zip
repository.mdrepo addon version: 1.0.2
xml for repository:  repositories/repository.mdrepo-1.0.2.zip is not a repository
no data in current repo xml 'NoneType' object is not iterable
REPO : repositories/repository.k3l3vra-1.0.0.zip
repository.k3l3vra addon version: 1.0.0
found repo data : http://github.com/k3l3vra1/k3l3vra.repo/raw/master/zips/
repository.k3l3vra-1.0.0.zip - ziptype is  true
http://github.com/k3l3vra1/k3l3vra.repo/raw/master/addons.xml
FOUND ADDON : repository.k3l3vra  1.0.0
no need to update existing key repository.k3l3vraold version is 1.0.0
FOUND ADDON : script.module.tknorris.shared  0.0.23
no need to update existing key script.module.tknorris.sharedold version is 0.0.23
FOUND ADDON : script.salts.themepak  0.0.12
no need to update existing key script.salts.themepakold version is 0.0.12
FOUND ADDON : script.1channel.themepak  0.0.8
no need to update existing key script.1channel.themepakold version is 0.0.8
FOUND ADDON : context.salts.tools  1.0.7
no need to update existing key context.salts.toolsold version is 1.0.7
FOUND ADDON : plugin.video.salts  2.0.195
no need to update existing key plugin.video.saltsold version is 2.0.195
FOUND ADDON : plugin.video.1channel  2.5.78
Downloading plugin.video.1channel version:2.5.78
Downloding zip from: http://github.com/k3l3vra1/k3l3vra.repo/raw/master/zips//plugin.video.1channel/plugin.video.1channel-2.5.78.zip  To Path:  repo/plugin.video.1channel/plugin.video.1channel-2.5.78.zip
Saving:  repo/plugin.video.1channel/plugin.video.1channel-2.5.78.zip
http://github.com/k3l3vra1/k3l3vra.repo/raw/master/zips//plugin.video.1channel/plugin.video.1channel-2.5.78.zip
REPO : repositories/repository.k3l3vra-1.0.0.zip
repository.k3l3vra addon version: 1.0.0
found repo data : https://offshoregit.com/tvaresolvers/tva-common-repository/raw/master/zips/
repository.k3l3vra-1.0.0.zip - ziptype is  true
https://offshoregit.com/tvaresolvers/tva-common-repository/raw/master/addons.xml
FOUND ADDON : script.video.F4mProxy  2.8.7
no need to update existing key script.video.F4mProxyold version is 2.8.7
FOUND ADDON : repository.tva.common  1.0.1
no need to update existing key repository.tva.commonold version is 1.0.1
FOUND ADDON : script.module.liveresolver  0.1.49
script.module.liveresolver  is in blacklist - 
FOUND ADDON : plugin.video.f4mTester  2.7.1
no need to update existing key plugin.video.f4mTesterold version is 2.7.1
FOUND ADDON : script.module.tulip  1.0.8
no need to update existing key script.module.tulipold version is 1.0.8
FOUND ADDON : script.module.urlresolver  3.0.32
script.module.urlresolver  is in blacklist - 
REPO : repositories/repository.Jk$p-1.0.1.zip
repository.Jk$p addon version: 1.0.1
found repo data : https://raw.githubusercontent.com/Jksp/jksp.repo/master/repository/zips
repository.Jk$p-1.0.1.zip - ziptype is  true
https://raw.githubusercontent.com/Jksp/jksp.repo/master/repository/zips/addons.xml
FOUND ADDON : repository.Jk$p  1.0.2
no need to update existing key repository.Jk$pold version is 1.0.2
FOUND ADDON : plugin.video.jksp  0.0.13
no need to update existing key plugin.video.jkspold version is 0.0.13
REPO : repositories/repository.Jk$p-1.0.1.zip
repository.Jk$p addon version: 1.0.1
xml for repository:  repositories/repository.Jk$p-1.0.1.zip is not a repository
no data in current repo xml 'NoneType' object is not iterable
REPO : repositories/repository.exodus-1.0.1.zip
repository.exodus addon version: 1.0.1
found repo data : https://offshoregit.com/exodus/
repository.exodus-1.0.1.zip - ziptype is  true
https://offshoregit.com/exodus/addons.xml
FOUND ADDON : repository.exodus  2.0.0
no need to update existing key repository.exodusold version is 2.0.0
REPO : repositories/repository.exodus-1.0.1.zip
repository.exodus addon version: 1.0.1
found repo data : https://offshoregit.com/tvaresolvers/tva-common-repository/raw/master/zips/
repository.exodus-1.0.1.zip - ziptype is  true
https://offshoregit.com/tvaresolvers/tva-common-repository/raw/master/addons.xml
FOUND ADDON : script.video.F4mProxy  2.8.7
no need to update existing key script.video.F4mProxyold version is 2.8.7
FOUND ADDON : repository.tva.common  1.0.1
no need to update existing key repository.tva.commonold version is 1.0.1
FOUND ADDON : script.module.liveresolver  0.1.49
script.module.liveresolver  is in blacklist - 
FOUND ADDON : plugin.video.f4mTester  2.7.1
no need to update existing key plugin.video.f4mTesterold version is 2.7.1
FOUND ADDON : script.module.tulip  1.0.8
no need to update existing key script.module.tulipold version is 1.0.8
FOUND ADDON : script.module.urlresolver  3.0.32
script.module.urlresolver  is in blacklist - 
REPO : repositories/repository.McFly-2.0.zip
repository.McFly addon version: 2.0
found repo data : http://repo.mcfly.tk/
repository.McFly-2.0.zip - ziptype is  true
http://bit.mcfly.tk/xml
FOUND ADDON : script.module.t0mm0.common  2.1.1.01
no need to update existing key script.module.t0mm0.commonold version is 2.1.1.01
FOUND ADDON : program.mcfly.fontInstaller  1.0
no need to update existing key program.mcfly.fontInstallerold version is 1.0
FOUND ADDON : script.tvguide-IL  1.0
no need to update existing key script.tvguide-ILold version is 1.0
FOUND ADDON : plugin.music.McflyWorldRadio  1.0
no need to update existing key plugin.music.McflyWorldRadioold version is 1.0
FOUND ADDON : script.module.html5lib  0.999.0
no need to update existing key script.module.html5libold version is 0.999.0
FOUND ADDON : script.module.httplib2  0.8.0
no need to update existing key script.module.httplib2old version is 0.8.0
FOUND ADDON : script.video.F4mProxy  2.8.6
no need to update existing key script.video.F4mProxyold version is 2.8.7
FOUND ADDON : plugin.video.f4mTester  2.7.1
no need to update existing key plugin.video.f4mTesterold version is 2.7.1
FOUND ADDON : script.module.requests  2.9.1
no need to update existing key script.module.requestsold version is 2.12.4
FOUND ADDON : repository.McFly  2.0
no need to update existing key repository.McFlyold version is 2.0
FOUND ADDON : script.module.simplejson  3.3.0
no need to update existing key script.module.simplejsonold version is 3.4.0
FOUND ADDON : script.module.stream.resolver  1.6.50
no need to update existing key script.module.stream.resolverold version is 1.6.51
FOUND ADDON : script.module.urlresolver  3.0.16
script.module.urlresolver  is in blacklist - 
FOUND ADDON : plugin.video.live.streamspro  2.7.4
no need to update existing key plugin.video.live.streamsproold version is 2.7.4
REPO : repositories/repository.McFly-2.0.zip
repository.McFly addon version: 2.0
xml for repository:  repositories/repository.McFly-2.0.zip is not a repository
no data in current repo xml 'NoneType' object is not iterable
REPO : repositories/repository.elysium-2017.06.10.zip
repository.elysium addon version: 2017.06.10
xml for repository:  repositories/repository.elysium-2017.06.10.zip is not a repository
no data in current repo xml 'NoneType' object is not iterable
REPO : repositories/repository.elysium-2017.06.10.zip
repository.elysium addon version: 2017.06.10
found repo data : https://raw.github.com/OpenELEQ/repository.elysium/master/
repository.elysium-2017.06.10.zip - ziptype is  true
https://github.com/OpenELEQ/repository.elysium/raw/master/elysium.xml
FOUND ADDON : script.module.schism.common  2017.06.08
FOUND ADDON : plugin.video.elysium  2017.06.10
ADDING NEWKEY plugin.video.elysium
FOUND ADDON : repository.elysium  2017.06.10
ADDING NEWKEY repository.elysium
FOUND ADDON : script.elysium.artwork  2017.06.08
ADDING NEWKEY script.elysium.artwork
Downloading repository.elysium version:2017.06.10
Making folder for addon in repo:  repository.elysium
Downloding zip from: https://raw.github.com/OpenELEQ/repository.elysium/master//repository.elysium/repository.elysium-2017.06.10.zip  To Path:  repo/repository.elysium/repository.elysium-2017.06.10.zip
Saving:  repo/repository.elysium/repository.elysium-2017.06.10.zip
https://raw.github.com/OpenELEQ/repository.elysium/master//repository.elysium/repository.elysium-2017.06.10.zip
Downloading plugin.video.elysium version:2017.06.10
Making folder for addon in repo:  plugin.video.elysium
Downloding zip from: https://raw.github.com/OpenELEQ/repository.elysium/master//plugin.video.elysium/plugin.video.elysium-2017.06.10.zip  To Path:  repo/plugin.video.elysium/plugin.video.elysium-2017.06.10.zip
Saving:  repo/plugin.video.elysium/plugin.video.elysium-2017.06.10.zip
https://raw.github.com/OpenELEQ/repository.elysium/master//plugin.video.elysium/plugin.video.elysium-2017.06.10.zip
Downloading script.module.schism.common version:2017.06.08
Downloding zip from: https://raw.github.com/OpenELEQ/repository.elysium/master//script.module.schism.common/script.module.schism.common-2017.06.08.zip  To Path:  repo/script.module.schism.common/script.module.schism.common-2017.06.08.zip
Saving:  repo/script.module.schism.common/script.module.schism.common-2017.06.08.zip
https://raw.github.com/OpenELEQ/repository.elysium/master//script.module.schism.common/script.module.schism.common-2017.06.08.zip
Downloading script.elysium.artwork version:2017.06.08
Making folder for addon in repo:  script.elysium.artwork
Downloding zip from: https://raw.github.com/OpenELEQ/repository.elysium/master//script.elysium.artwork/script.elysium.artwork-2017.06.08.zip  To Path:  repo/script.elysium.artwork/script.elysium.artwork-2017.06.08.zip
Saving:  repo/script.elysium.artwork/script.elysium.artwork-2017.06.08.zip
https://raw.github.com/OpenELEQ/repository.elysium/master//script.elysium.artwork/script.elysium.artwork-2017.06.08.zip
REPO : repositories/repository.noobsandnerds-1.8.zip
repository.noobsandnerds addon version: 1.8
found repo data : https://raw.githubusercontent.com/noobsandnerds/noobsandnerds/master/zips/
repository.noobsandnerds-1.8.zip - ziptype is  true
https://raw.githubusercontent.com/noobsandnerds/noobsandnerds/master/zips/addons.xml
FOUND ADDON : plugin.video.nantuts  0.0.1
ADDING NEWKEY plugin.video.nantuts
FOUND ADDON : plugin.video.redpill  2017.04.29.03
ADDING NEWKEY plugin.video.redpill
FOUND ADDON : plugin.video.revvedup  0.0.3
ADDING NEWKEY plugin.video.revvedup
FOUND ADDON : plugin.program.totalinstaller  3.2.4
FOUND ADDON : plugin.program.securityshield  1.0.7
ADDING NEWKEY plugin.program.securityshield
FOUND ADDON : plugin.video.bob  1.3.15
FOUND ADDON : repository.nanaddons  1.6
ADDING NEWKEY repository.nanaddons
FOUND ADDON : plugin.video.zen  1.4.6
no need to update existing key plugin.video.zenold version is 2017.05.05
FOUND ADDON : repository.noobsandnerds  1.8
no need to update existing key repository.noobsandnerdsold version is 1.8
FOUND ADDON : plugin.audio.karmamusic  1.0.1
ADDING NEWKEY plugin.audio.karmamusic
FOUND ADDON : plugin.video.sportsdevil.launcher  0.2
no need to update existing key plugin.video.sportsdevil.launcherold version is 0.2
FOUND ADDON : plugin.video.metalliq  2.0.10
plugin.video.metalliq  is in blacklist - 
FOUND ADDON : repository.q  0.0.2.3
ADDING NEWKEY repository.q
FOUND ADDON : script.tvportal  2.1.0
ADDING NEWKEY script.tvportal
FOUND ADDON : repository.elysium  2017.06.10
ADDING NEWKEY repository.elysium
FOUND ADDON : script.tvportal.tools  1.4
ADDING NEWKEY script.tvportal.tools
FOUND ADDON : repository.primaeval  0.0.2
ADDING NEWKEY repository.primaeval
Downloading plugin.video.nantuts version:0.0.1
Making folder for addon in repo:  plugin.video.nantuts
Downloding zip from: https://raw.githubusercontent.com/noobsandnerds/noobsandnerds/master/zips//plugin.video.nantuts/plugin.video.nantuts-0.0.1.zip  To Path:  repo/plugin.video.nantuts/plugin.video.nantuts-0.0.1.zip
Saving:  repo/plugin.video.nantuts/plugin.video.nantuts-0.0.1.zip
https://raw.githubusercontent.com/noobsandnerds/noobsandnerds/master/zips//plugin.video.nantuts/plugin.video.nantuts-0.0.1.zip
Downloading plugin.video.redpill version:2017.04.29.03
Making folder for addon in repo:  plugin.video.redpill
Downloding zip from: https://raw.githubusercontent.com/noobsandnerds/noobsandnerds/master/zips//plugin.video.redpill/plugin.video.redpill-2017.04.29.03.zip  To Path:  repo/plugin.video.redpill/plugin.video.redpill-2017.04.29.03.zip
Saving:  repo/plugin.video.redpill/plugin.video.redpill-2017.04.29.03.zip
https://raw.githubusercontent.com/noobsandnerds/noobsandnerds/master/zips//plugin.video.redpill/plugin.video.redpill-2017.04.29.03.zip
Downloading plugin.video.revvedup version:0.0.3
Making folder for addon in repo:  plugin.video.revvedup
Downloding zip from: https://raw.githubusercontent.com/noobsandnerds/noobsandnerds/master/zips//plugin.video.revvedup/plugin.video.revvedup-0.0.3.zip  To Path:  repo/plugin.video.revvedup/plugin.video.revvedup-0.0.3.zip
Saving:  repo/plugin.video.revvedup/plugin.video.revvedup-0.0.3.zip
https://raw.githubusercontent.com/noobsandnerds/noobsandnerds/master/zips//plugin.video.revvedup/plugin.video.revvedup-0.0.3.zip
Downloading script.tvportal version:2.1.0
Making folder for addon in repo:  script.tvportal
Downloding zip from: https://raw.githubusercontent.com/noobsandnerds/noobsandnerds/master/zips//script.tvportal/script.tvportal-2.1.0.zip  To Path:  repo/script.tvportal/script.tvportal-2.1.0.zip
Saving:  repo/script.tvportal/script.tvportal-2.1.0.zip
https://raw.githubusercontent.com/noobsandnerds/noobsandnerds/master/zips//script.tvportal/script.tvportal-2.1.0.zip
Downloading plugin.video.bob version:1.3.15
Downloding zip from: https://raw.githubusercontent.com/noobsandnerds/noobsandnerds/master/zips//plugin.video.bob/plugin.video.bob-1.3.15.zip  To Path:  repo/plugin.video.bob/plugin.video.bob-1.3.15.zip
Saving:  repo/plugin.video.bob/plugin.video.bob-1.3.15.zip
https://raw.githubusercontent.com/noobsandnerds/noobsandnerds/master/zips//plugin.video.bob/plugin.video.bob-1.3.15.zip
Downloading plugin.program.securityshield version:1.0.7
Making folder for addon in repo:  plugin.program.securityshield
Downloding zip from: https://raw.githubusercontent.com/noobsandnerds/noobsandnerds/master/zips//plugin.program.securityshield/plugin.program.securityshield-1.0.7.zip  To Path:  repo/plugin.program.securityshield/plugin.program.securityshield-1.0.7.zip
Saving:  repo/plugin.program.securityshield/plugin.program.securityshield-1.0.7.zip
https://raw.githubusercontent.com/noobsandnerds/noobsandnerds/master/zips//plugin.program.securityshield/plugin.program.securityshield-1.0.7.zip
Downloading repository.nanaddons version:1.6
Making folder for addon in repo:  repository.nanaddons
Downloding zip from: https://raw.githubusercontent.com/noobsandnerds/noobsandnerds/master/zips//repository.nanaddons/repository.nanaddons-1.6.zip  To Path:  repo/repository.nanaddons/repository.nanaddons-1.6.zip
Saving:  repo/repository.nanaddons/repository.nanaddons-1.6.zip
https://raw.githubusercontent.com/noobsandnerds/noobsandnerds/master/zips//repository.nanaddons/repository.nanaddons-1.6.zip
Downloading repository.elysium version:2017.06.10
file already exist guessin the dev didnot have a correct xml  removing from updated plugins if so 
Downloding zip from: https://raw.githubusercontent.com/noobsandnerds/noobsandnerds/master/zips//repository.elysium/repository.elysium-2017.06.10.zip  To Path:  repo/repository.elysium/repository.elysium-2017.06.10.zip
Saving:  repo/repository.elysium/repository.elysium-2017.06.10.zip
https://raw.githubusercontent.com/noobsandnerds/noobsandnerds/master/zips//repository.elysium/repository.elysium-2017.06.10.zip
Downloading plugin.audio.karmamusic version:1.0.1
Making folder for addon in repo:  plugin.audio.karmamusic
Downloding zip from: https://raw.githubusercontent.com/noobsandnerds/noobsandnerds/master/zips//plugin.audio.karmamusic/plugin.audio.karmamusic-1.0.1.zip  To Path:  repo/plugin.audio.karmamusic/plugin.audio.karmamusic-1.0.1.zip
Saving:  repo/plugin.audio.karmamusic/plugin.audio.karmamusic-1.0.1.zip
https://raw.githubusercontent.com/noobsandnerds/noobsandnerds/master/zips//plugin.audio.karmamusic/plugin.audio.karmamusic-1.0.1.zip
Downloading plugin.program.totalinstaller version:3.2.4
Downloding zip from: https://raw.githubusercontent.com/noobsandnerds/noobsandnerds/master/zips//plugin.program.totalinstaller/plugin.program.totalinstaller-3.2.4.zip  To Path:  repo/plugin.program.totalinstaller/plugin.program.totalinstaller-3.2.4.zip
Saving:  repo/plugin.program.totalinstaller/plugin.program.totalinstaller-3.2.4.zip
https://raw.githubusercontent.com/noobsandnerds/noobsandnerds/master/zips//plugin.program.totalinstaller/plugin.program.totalinstaller-3.2.4.zip
Downloading repository.primaeval version:0.0.2
Making folder for addon in repo:  repository.primaeval
Downloding zip from: https://raw.githubusercontent.com/noobsandnerds/noobsandnerds/master/zips//repository.primaeval/repository.primaeval-0.0.2.zip  To Path:  repo/repository.primaeval/repository.primaeval-0.0.2.zip
Saving:  repo/repository.primaeval/repository.primaeval-0.0.2.zip
https://raw.githubusercontent.com/noobsandnerds/noobsandnerds/master/zips//repository.primaeval/repository.primaeval-0.0.2.zip
Downloading repository.q version:0.0.2.3
Making folder for addon in repo:  repository.q
Downloding zip from: https://raw.githubusercontent.com/noobsandnerds/noobsandnerds/master/zips//repository.q/repository.q-0.0.2.3.zip  To Path:  repo/repository.q/repository.q-0.0.2.3.zip
Saving:  repo/repository.q/repository.q-0.0.2.3.zip
https://raw.githubusercontent.com/noobsandnerds/noobsandnerds/master/zips//repository.q/repository.q-0.0.2.3.zip
Downloading script.tvportal.tools version:1.4
Making folder for addon in repo:  script.tvportal.tools
Downloding zip from: https://raw.githubusercontent.com/noobsandnerds/noobsandnerds/master/zips//script.tvportal.tools/script.tvportal.tools-1.4.zip  To Path:  repo/script.tvportal.tools/script.tvportal.tools-1.4.zip
Saving:  repo/script.tvportal.tools/script.tvportal.tools-1.4.zip
https://raw.githubusercontent.com/noobsandnerds/noobsandnerds/master/zips//script.tvportal.tools/script.tvportal.tools-1.4.zip
REPO : repositories/repository.noobsandnerds-1.8.zip
repository.noobsandnerds addon version: 1.8
found repo data : https://raw.githubusercontent.com/noobsandnerds/modules4all/master/zips/
repository.noobsandnerds-1.8.zip - ziptype is  true
https://raw.githubusercontent.com/noobsandnerds/modules4all/master/zips/addons.xml
FOUND ADDON : script.module.nanscrapers  0.5.22
FOUND ADDON : script.video.F4mProxy  2.8.7
no need to update existing key script.video.F4mProxyold version is 2.8.7
FOUND ADDON : plugin.video.f4mTester  2.7.1
no need to update existing key plugin.video.f4mTesterold version is 2.7.1
FOUND ADDON : script.mrknow.urlresolver  2017.03.30.1
no need to update existing key script.mrknow.urlresolverold version is 2017.04.06.1
FOUND ADDON : script.module.liveresolver  0.1.49
script.module.liveresolver  is in blacklist - 
FOUND ADDON : script.module.tulip  1.0.8
no need to update existing key script.module.tulipold version is 1.0.8
FOUND ADDON : script.module.urlresolver  3.0.32
script.module.urlresolver  is in blacklist - 
FOUND ADDON : script.module.python.koding.aio  0.9
no need to update existing key script.module.python.koding.aioold version is 0.9
Downloading script.module.nanscrapers version:0.5.22
Downloding zip from: https://raw.githubusercontent.com/noobsandnerds/modules4all/master/zips//script.module.nanscrapers/script.module.nanscrapers-0.5.22.zip  To Path:  repo/script.module.nanscrapers/script.module.nanscrapers-0.5.22.zip
Saving:  repo/script.module.nanscrapers/script.module.nanscrapers-0.5.22.zip
https://raw.githubusercontent.com/noobsandnerds/modules4all/master/zips//script.module.nanscrapers/script.module.nanscrapers-0.5.22.zip
REPO : repositories/repository.filmkodi.com-2.1.0.zip
repository.filmkodi.com addon version: 2.1.0
found repo data : http://kodi.filmkodi.com/
repository.filmkodi.com-2.1.0.zip - ziptype is  true
http://kodi.filmkodi.com/addons.xml
FOUND ADDON : plugin.video.fanfilm  2017.04.07.2
no need to update existing key plugin.video.fanfilmold version is 2017.04.07.2
FOUND ADDON : repository.filmkodi.com  2.1.0
repository.filmkodi.com  is in blacklist - 
FOUND ADDON : plugin.video.mrknow  2017.04.18.1
plugin.video.mrknow  is in blacklist - 
FOUND ADDON : script.mrknow.urlresolver  2017.04.06.1
no need to update existing key script.mrknow.urlresolverold version is 2017.04.06.1
FOUND ADDON : plugin.video.specto  2017.06.10.1
no need to update existing key plugin.video.spectoold version is 2017.06.10.1
FOUND ADDON : plugin.video.mrknow.wizjatv  0.2.4
plugin.video.mrknow.wizjatv  is in blacklist - 
FOUND ADDON : plugin.video.xbmcfilm  2.1.0
plugin.video.xbmcfilm  is in blacklist - 
FOUND ADDON : script.module.metahandler  2.9.0
no need to update existing key script.module.metahandlerold version is 2.9.1
FOUND ADDON : plugin.video.mrknowtv  2017.04.27.1
plugin.video.mrknowtv  is in blacklist - 
FOUND ADDON : script.specto.media  2016.07.07
no need to update existing key script.specto.mediaold version is 2016.07.07
REPO : repositories/repository.filmkodi.com-2.1.0.zip
repository.filmkodi.com addon version: 2.1.0
xml for repository:  repositories/repository.filmkodi.com-2.1.0.zip is not a repository
no data in current repo xml 'NoneType' object is not iterable
adding addon from github: plugin.video.kmediatorrent
https://github.com/jmarth/plugin.video.kmediatorrent
Downloding zip from: https://github.com/jmarth/plugin.video.kmediatorrent/archive/master.zip  To Path:  repo/plugin.video.kmediatorrent/master.zip
Saving:  repo/plugin.video.kmediatorrent/master.zip
adding addon from github: service.autosubs
https://github.com/amet/service.autosubs
Downloding zip from: https://github.com/amet/service.autosubs/archive/master.zip  To Path:  repo/service.autosubs/master.zip
Saving:  repo/service.autosubs/master.zip
Updading addon from github:  service.subtitles.subscenter - 4.1.5
https://github.com/XBMCil/service.subtitles.subscenter
Downloding zip from: https://github.com/XBMCil/service.subtitles.subscenter/archive/master.zip  To Path:  repo/service.subtitles.subscenter/master.zip
Saving:  repo/service.subtitles.subscenter/master.zip
Updading addon from github:  service.subtitles.subtitle - 4.6.1
https://github.com/XBMCil/service.subtitles.subtitle
Downloding zip from: https://github.com/XBMCil/service.subtitles.subtitle/archive/master.zip  To Path:  repo/service.subtitles.subtitle/master.zip
Saving:  repo/service.subtitles.subtitle/master.zip
adding addon from github: service.subtitles.torec
https://github.com/XBMCil/service.subtitles.torec
Downloding zip from: https://github.com/XBMCil/service.subtitles.torec/archive/master.zip  To Path:  repo/service.subtitles.torec/master.zip
Saving:  repo/service.subtitles.torec/master.zip
metadata.hebmovies.wiz  is in blacklist - 
https://github.com/bromix/plugin.video.youtube//raw/master/addon.xml
https://github.com/bromix/plugin.video.youtube/
cant get github xml !
HTTP Error 404: Not Found

adding addon from github: plugin.video.kodipopcorntime
https://github.com/Diblo/KODI-Popcorn-Time/tree/master/plugin.video.kodipopcorntime
Downloding zip from: https://github.com/Diblo/KODI-Popcorn-Time/tree/master/plugin.video.kodipopcorntime/archive/master.zip  To Path:  repo/plugin.video.kodipopcorntime/master.zip
Saving:  repo/plugin.video.kodipopcorntime/master.zip
An error occurred reading zip!
File is not a zip file

cannot create a zip from githuburl  https://github.com/Diblo/KODI-Popcorn-Time/tree/master/plugin.video.kodipopcorntime
adding addon from github: script.module.httplib2
https://github.com/XBMC-Addons/script.module.httplib2
Downloding zip from: https://github.com/XBMC-Addons/script.module.httplib2/archive/master.zip  To Path:  repo/script.module.httplib2/master.zip
Saving:  repo/script.module.httplib2/master.zip
adding addon from github: script.module.youtube.dl
https://github.com/ruuk/script.module.youtube.dl
Downloding zip from: https://github.com/ruuk/script.module.youtube.dl/archive/master.zip  To Path:  repo/script.module.youtube.dl/master.zip
Saving:  repo/script.module.youtube.dl/master.zip
adding addon from github: plugin.video.animeram
https://github.com/DxCx/plugin.video.animeram
Downloding zip from: https://github.com/DxCx/plugin.video.animeram/archive/master.zip  To Path:  repo/plugin.video.animeram/master.zip
Saving:  repo/plugin.video.animeram/master.zip
https://github.com/amet/service.subtitles.opensubtitles/raw/master/addon.xml
https://github.com/amet/service.subtitles.opensubtitles
cant get github xml !
HTTP Error 404: Not Found

adding addon from github: script.tv.show.next.aired
https://github.com/WayneD/script.tv.show.next.aired
Downloding zip from: https://github.com/WayneD/script.tv.show.next.aired/archive/master.zip  To Path:  repo/script.tv.show.next.aired/master.zip
Saving:  repo/script.tv.show.next.aired/master.zip
adding addon from github: plugin.video.quasar
https://github.com/scakemyer/plugin.video.quasar
Downloding zip from: https://github.com/scakemyer/plugin.video.quasar/archive/master.zip  To Path:  repo/plugin.video.quasar/master.zip
Saving:  repo/plugin.video.quasar/master.zip
adding addon from github: context.subtitlesdialog.contextmenu
https://github.com/burekas7/context.subtitlesdialog.contextmenu
Downloding zip from: https://github.com/burekas7/context.subtitlesdialog.contextmenu/archive/master.zip  To Path:  repo/context.subtitlesdialog.contextmenu/master.zip
Saving:  repo/context.subtitlesdialog.contextmenu/master.zip
adding addon from github: service.subtitles.opensubtitles_by_opensubtitles
https://github.com/opensubtitles/service.subtitles.opensubtitles_by_opensubtitles
Downloding zip from: https://github.com/opensubtitles/service.subtitles.opensubtitles_by_opensubtitles/archive/master.zip  To Path:  repo/service.subtitles.opensubtitles_by_opensubtitles/master.zip
Saving:  repo/service.subtitles.opensubtitles_by_opensubtitles/master.zip
removing files larger than : 96
failed to add the xml from addon service.subtitles.subtitle
failed to add the xml from addon service.subtitles.subscenter
Finished updating addons xml and md5 files
removing files larger than : 96
repo Updated Succefully
